<?xml version="1.0" encoding="UTF-8"?>
<testng-results total="1" passed="1" failed="0" skipped="0">
  <reporter-output>
  </reporter-output>
  <suite started-at="2022-08-14T09:22:57Z" name="Suite" finished-at="2022-08-14T09:22:57Z" duration-ms="16">
    <groups>
    </groups>
    <test started-at="2022-08-14T09:22:57Z" name="Test" finished-at="2022-08-14T09:22:57Z" duration-ms="16">
      <class name="work2.TestClass">
        <test-method signature="annotation()[pri:0, instance:work2.TestClass@2c039ac6]" started-at="2022-08-14T12:22:57Z" name="annotation" finished-at="2022-08-14T12:22:57Z" duration-ms="16" status="PASS">
          <reporter-output>
          </reporter-output>
        </test-method> <!-- annotation -->
      </class> <!-- work2.TestClass -->
    </test> <!-- Test -->
  </suite> <!-- Suite -->
</testng-results>
